# JRE version: OpenJDK Runtime Environment (21.0.8+9) (build 21.0.8+9)
# Java VM: OpenJDK 64-Bit Server VM (21.0.8+9, mixed mode, sharing, tiered, compressed oops, compressed class ptrs, g1 gc, linux-amd64)
GC Precious Log:
 CardTable entry size: 512
 Card Set container configuration: InlinePtr #cards 4 size 8 Array Of Cards #cards 16 size 48 Howl #buckets 8 coarsen threshold 3686 Howl Bitmap #cards 512 size 80 coarsen threshold 460 Card regions per heap region 1 cards per card region 4096
 CPUs: 8 total, 8 available
 Memory: 15914M
 Large Page Support: Disabled
 NUMA Support: Disabled
 Compressed Oops: Enabled (Zero based)
 Heap Region Size: 2M
 Heap Min Capacity: 8M
 Heap Initial Capacity: 250M
 Heap Max Capacity: 3980M
 Pre-touch: Disabled
 Parallel Workers: 8
 Concurrent Workers: 2
 Concurrent Refinement Workers: 8
 Periodic GC: Disabled
Heap:
 garbage-first heap   total 55296K, used 22258K [0x0000000707400000, 0x0000000800000000)
  region size 2048K, 8 young (16384K), 3 survivors (6144K)
 Metaspace       used 23489K, committed 23808K, reserved 1114112K
  class space    used 3260K, committed 3392K, reserved 1048576K
GC Heap History (6 events):
Event: 0,797 GC heap before
{Heap before GC invocations=0 (full 0):
 garbage-first heap   total 258048K, used 23602K [0x0000000707400000, 0x0000000800000000)
  region size 2048K, 11 young (22528K), 0 survivors (0K)
 Metaspace       used 7928K, committed 8128K, reserved 1114112K
  class space    used 989K, committed 1088K, reserved 1048576K
}
Event: 0,802 GC heap after
{Heap after GC invocations=1 (full 0):
 garbage-first heap   total 258048K, used 6359K [0x0000000707400000, 0x0000000800000000)
  region size 2048K, 2 young (4096K), 2 survivors (4096K)
 Metaspace       used 7928K, committed 8128K, reserved 1114112K
  class space    used 989K, committed 1088K, reserved 1048576K
}
Event: 6,757 GC heap before
{Heap before GC invocations=1 (full 0):
 garbage-first heap   total 258048K, used 35031K [0x0000000707400000, 0x0000000800000000)
  region size 2048K, 15 young (30720K), 2 survivors (4096K)
 Metaspace       used 17989K, committed 18368K, reserved 1114112K
  class space    used 2622K, committed 2816K, reserved 1048576K
}
Event: 6,764 GC heap after
{Heap after GC invocations=2 (full 0):
 garbage-first heap   total 258048K, used 13009K [0x0000000707400000, 0x0000000800000000)
  region size 2048K, 2 young (4096K), 2 survivors (4096K)
 Metaspace       used 17989K, committed 18368K, reserved 1114112K
  class space    used 2622K, committed 2816K, reserved 1048576K
}
Event: 6,988 GC heap before
{Heap before GC invocations=2 (full 0):
 garbage-first heap   total 258048K, used 15057K [0x0000000707400000, 0x0000000800000000)
  region size 2048K, 4 young (8192K), 2 survivors (4096K)
 Metaspace       used 21104K, committed 21504K, reserved 1114112K
  class space    used 2984K, committed 3136K, reserved 1048576K
}
Event: 6,992 GC heap after
{Heap after GC invocations=3 (full 0):
 garbage-first heap   total 258048K, used 14066K [0x0000000707400000, 0x0000000800000000)
  region size 2048K, 3 young (6144K), 3 survivors (6144K)
 Metaspace       used 21104K, committed 21504K, reserved 1114112K
  class space    used 2984K, committed 3136K, reserved 1048576K
}

