# JRE version: OpenJDK Runtime Environment (21.0.8+9) (build 21.0.8+9)
# Java VM: OpenJDK 64-Bit Server VM (21.0.8+9, mixed mode, sharing, tiered, compressed oops, compressed class ptrs, g1 gc, linux-amd64)
GC Precious Log:
 CardTable entry size: 512
 Card Set container configuration: InlinePtr #cards 4 size 8 Array Of Cards #cards 16 size 48 Howl #buckets 8 coarsen threshold 3686 Howl Bitmap #cards 512 size 80 coarsen threshold 460 Card regions per heap region 1 cards per card region 4096
 CPUs: 8 total, 8 available
 Memory: 15914M
 Large Page Support: Disabled
 NUMA Support: Disabled
 Compressed Oops: Enabled (Zero based)
 Heap Region Size: 2M
 Heap Min Capacity: 8M
 Heap Initial Capacity: 250M
 Heap Max Capacity: 3980M
 Pre-touch: Disabled
 Parallel Workers: 8
 Concurrent Workers: 2
 Concurrent Refinement Workers: 8
 Periodic GC: Disabled
Heap:
 garbage-first heap   total 55296K, used 21884K [0x0000000707400000, 0x0000000800000000)
  region size 2048K, 8 young (16384K), 3 survivors (6144K)
 Metaspace       used 23464K, committed 23808K, reserved 1114112K
  class space    used 3245K, committed 3392K, reserved 1048576K
GC Heap History (6 events):
Event: 0,929 GC heap before
{Heap before GC invocations=0 (full 0):
 garbage-first heap   total 258048K, used 21554K [0x0000000707400000, 0x0000000800000000)
  region size 2048K, 11 young (22528K), 0 survivors (0K)
 Metaspace       used 8099K, committed 8256K, reserved 1114112K
  class space    used 1025K, committed 1088K, reserved 1048576K
}
Event: 0,935 GC heap after
{Heap after GC invocations=1 (full 0):
 garbage-first heap   total 258048K, used 6522K [0x0000000707400000, 0x0000000800000000)
  region size 2048K, 2 young (4096K), 2 survivors (4096K)
 Metaspace       used 8099K, committed 8256K, reserved 1114112K
  class space    used 1025K, committed 1088K, reserved 1048576K
}
Event: 6,169 GC heap before
{Heap before GC invocations=1 (full 0):
 garbage-first heap   total 258048K, used 33146K [0x0000000707400000, 0x0000000800000000)
  region size 2048K, 14 young (28672K), 2 survivors (4096K)
 Metaspace       used 16493K, committed 16896K, reserved 1114112K
  class space    used 2448K, committed 2624K, reserved 1048576K
}
Event: 6,176 GC heap after
{Heap after GC invocations=2 (full 0):
 garbage-first heap   total 258048K, used 12625K [0x0000000707400000, 0x0000000800000000)
  region size 2048K, 2 young (4096K), 2 survivors (4096K)
 Metaspace       used 16493K, committed 16896K, reserved 1114112K
  class space    used 2448K, committed 2624K, reserved 1048576K
}
Event: 6,530 GC heap before
{Heap before GC invocations=2 (full 0):
 garbage-first heap   total 258048K, used 16721K [0x0000000707400000, 0x0000000800000000)
  region size 2048K, 5 young (10240K), 2 survivors (4096K)
 Metaspace       used 21211K, committed 21504K, reserved 1114112K
  class space    used 2986K, committed 3136K, reserved 1048576K
}
Event: 6,536 GC heap after
{Heap after GC invocations=3 (full 0):
 garbage-first heap   total 258048K, used 13692K [0x0000000707400000, 0x0000000800000000)
  region size 2048K, 3 young (6144K), 3 survivors (6144K)
 Metaspace       used 21211K, committed 21504K, reserved 1114112K
  class space    used 2986K, committed 3136K, reserved 1048576K
}

