# JRE version: OpenJDK Runtime Environment (21.0.8+9) (build 21.0.8+9)
# Java VM: OpenJDK 64-Bit Server VM (21.0.8+9, mixed mode, sharing, tiered, compressed oops, compressed class ptrs, g1 gc, linux-amd64)
GC Precious Log:
 CardTable entry size: 512
 Card Set container configuration: InlinePtr #cards 4 size 8 Array Of Cards #cards 16 size 48 Howl #buckets 8 coarsen threshold 3686 Howl Bitmap #cards 512 size 80 coarsen threshold 460 Card regions per heap region 1 cards per card region 4096
 CPUs: 12 total, 12 available
 Memory: 15165M
 Large Page Support: Disabled
 NUMA Support: Disabled
 Compressed Oops: Enabled (Zero based)
 Heap Region Size: 2M
 Heap Min Capacity: 8M
 Heap Initial Capacity: 238M
 Heap Max Capacity: 3792M
 Pre-touch: Disabled
 Parallel Workers: 10
 Concurrent Workers: 3
 Concurrent Refinement Workers: 10
 Periodic GC: Disabled
Heap:
 garbage-first heap   total 81920K, used 40414K [0x0000000713000000, 0x0000000800000000)
  region size 2048K, 13 young (26624K), 3 survivors (6144K)
 Metaspace       used 25003K, committed 25408K, reserved 1114112K
  class space    used 3438K, committed 3648K, reserved 1048576K
GC Heap History (6 events):
Event: 1,609 GC heap before
{Heap before GC invocations=0 (full 0):
 garbage-first heap   total 245760K, used 23602K [0x0000000713000000, 0x0000000800000000)
  region size 2048K, 11 young (22528K), 0 survivors (0K)
 Metaspace       used 8206K, committed 8448K, reserved 1114112K
  class space    used 1033K, committed 1152K, reserved 1048576K
}
Event: 1,632 GC heap after
{Heap after GC invocations=1 (full 0):
 garbage-first heap   total 245760K, used 6403K [0x0000000713000000, 0x0000000800000000)
  region size 2048K, 2 young (4096K), 2 survivors (4096K)
 Metaspace       used 8206K, committed 8448K, reserved 1114112K
  class space    used 1033K, committed 1152K, reserved 1048576K
}
Event: 3,004 GC heap before
{Heap before GC invocations=1 (full 0):
 garbage-first heap   total 245760K, used 39171K [0x0000000713000000, 0x0000000800000000)
  region size 2048K, 14 young (28672K), 2 survivors (4096K)
 Metaspace       used 15265K, committed 15616K, reserved 1114112K
  class space    used 2371K, committed 2560K, reserved 1048576K
}
Event: 3,020 GC heap after
{Heap after GC invocations=2 (full 0):
 garbage-first heap   total 245760K, used 18590K [0x0000000713000000, 0x0000000800000000)
  region size 2048K, 2 young (4096K), 2 survivors (4096K)
 Metaspace       used 15265K, committed 15616K, reserved 1114112K
  class space    used 2371K, committed 2560K, reserved 1048576K
}
Event: 11,222 GC heap before
{Heap before GC invocations=2 (full 0):
 garbage-first heap   total 245760K, used 26782K [0x0000000713000000, 0x0000000800000000)
  region size 2048K, 6 young (12288K), 2 survivors (4096K)
 Metaspace       used 21158K, committed 21504K, reserved 1114112K
  class space    used 2999K, committed 3136K, reserved 1048576K
}
Event: 11,228 GC heap after
{Heap after GC invocations=3 (full 0):
 garbage-first heap   total 245760K, used 21982K [0x0000000713000000, 0x0000000800000000)
  region size 2048K, 3 young (6144K), 3 survivors (6144K)
 Metaspace       used 21158K, committed 21504K, reserved 1114112K
  class space    used 2999K, committed 3136K, reserved 1048576K
}

